<?xml version="1.0" encoding="UTF-8"?>
<testsuite name="Reporter_Test.BlockUserInteractorTest" tests="3" skipped="0" failures="0" errors="0" timestamp="2022-12-07T07:16:31" hostname="auroradeMacBook-Air.local" time="0.048">
  <properties/>
  <testcase name="testBasicCreate" classname="Reporter_Test.BlockUserInteractorTest" time="0.012"/>
  <testcase name="testAddModel" classname="Reporter_Test.BlockUserInteractorTest" time="0.025"/>
  <testcase name="testAddBlockUser" classname="Reporter_Test.BlockUserInteractorTest" time="0.011"/>
  <system-out><![CDATA[Save Aurora
Save 1
Save Ellen
]]></system-out>
  <system-err><![CDATA[]]></system-err>
</testsuite>
